<?xml version="1.0" encoding="UTF-8"?>
<testng-results ignored="0" total="2" passed="2" failed="0" skipped="0">
  <reporter-output>
  </reporter-output>
  <suite started-at="2023-07-03T20:24:17 IST" name="Suite" finished-at="2023-07-03T20:25:01 IST" duration-ms="43211">
    <groups>
    </groups>
    <test started-at="2023-07-03T20:24:17 IST" name="Test" finished-at="2023-07-03T20:25:01 IST" duration-ms="43211">
      <class name="Amazon_Watch.TC01">
        <test-method is-config="true" signature="setup()[pri:0, instance:Amazon_Watch.TC01@619713e5]" started-at="2023-07-03T20:24:17 IST" name="setup" finished-at="2023-07-03T20:24:38 IST" duration-ms="20533" status="PASS">
          <reporter-output>
          </reporter-output>
        </test-method> <!-- setup -->
        <test-method signature="WatchDetails()[pri:1, instance:Amazon_Watch.TC01@619713e5]" started-at="2023-07-03T20:24:38 IST" name="WatchDetails" finished-at="2023-07-03T20:24:56 IST" duration-ms="17961" status="PASS">
          <reporter-output>
          </reporter-output>
        </test-method> <!-- WatchDetails -->
        <test-method signature="FifthElement()[pri:2, instance:Amazon_Watch.TC01@619713e5]" started-at="2023-07-03T20:24:56 IST" name="FifthElement" finished-at="2023-07-03T20:24:59 IST" duration-ms="3058" status="PASS">
          <reporter-output>
          </reporter-output>
        </test-method> <!-- FifthElement -->
        <test-method is-config="true" signature="teardown()[pri:0, instance:Amazon_Watch.TC01@619713e5]" started-at="2023-07-03T20:24:59 IST" name="teardown" finished-at="2023-07-03T20:25:01 IST" duration-ms="1544" status="PASS">
          <reporter-output>
          </reporter-output>
        </test-method> <!-- teardown -->
      </class> <!-- Amazon_Watch.TC01 -->
    </test> <!-- Test -->
  </suite> <!-- Suite -->
</testng-results>
